<?xml version="1.0" encoding="UTF-8"?>
<!-- Generated by org.testng.reporters.JUnitXMLReporter -->
<testsuite ignored="0" hostname="SHUBHAM" failures="4" tests="5" name="Test" time="539.756" errors="0" timestamp="2022-11-07T11:18:22 IST">
  <testcase classname="dnata.DnataHotel" name="dnataforhotel" time="136.946">
    <failure type="org.openqa.selenium.NoSuchElementException" message="no such element: Unable to locate element: {&amp;quot;method&amp;quot;:&amp;quot;xpath&amp;quot;,&amp;quot;selector&amp;quot;:&amp;quot;(//a[@id=&amp;apos;htlrm01&amp;apos;])[4]&amp;quot;}
  (Session info: chrome=107.0.5304.88)
For documentation on this error, please visit: https://selenium.dev/exceptions/#no_such_element
Build info: version: &amp;apos;4.1.4&amp;apos;, revision: &amp;apos;535d840ee2&amp;apos;
System info: host: &amp;apos;SHUBHAM&amp;apos;, ip: &amp;apos;192.168.111.71&amp;apos;, os.name: &amp;apos;Windows 10&amp;apos;, os.arch: &amp;apos;amd64&amp;apos;, os.version: &amp;apos;10.0&amp;apos;, java.version: &amp;apos;17.0.1&amp;apos;
Driver info: org.openqa.selenium.chrome.ChromeDriver
Command: [3d7fe2ae90394393d6693d86ae91aadf, findElement {using=xpath, value=(//a[@id=&amp;apos;htlrm01&amp;apos;])[4]}]
Capabilities {acceptInsecureCerts: false, browserName: chrome, browserVersion: 107.0.5304.88, chrome: {chromedriverVersion: 106.0.5249.61 (511755355844..., userDataDir: C:\Users\SHUBHA~1.NAT\AppDa...}, goog:chromeOptions: {debuggerAddress: localhost:54784}, javascriptEnabled: true, networkConnectionEnabled: false, pageLoadStrategy: normal, platform: WINDOWS, platformName: WINDOWS, proxy: Proxy(), se:cdp: ws://localhost:54784/devtoo..., se:cdpVersion: 107.0.5304.88, setWindowRect: true, strictFileInteractability: false, timeouts: {implicit: 0, pageLoad: 300000, script: 30000}, unhandledPromptBehavior: dismiss and notify, webauthn:extension:credBlob: true, webauthn:extension:largeBlob: true, webauthn:virtualAuthenticators: true}
Session ID: 3d7fe2ae90394393d6693d86ae91aadf">
      <![CDATA[org.openqa.selenium.NoSuchElementException: no such element: Unable to locate element: {"method":"xpath","selector":"(//a[@id='htlrm01'])[4]"}
  (Session info: chrome=107.0.5304.88)
For documentation on this error, please visit: https://selenium.dev/exceptions/#no_such_element
Build info: version: '4.1.4', revision: '535d840ee2'
System info: host: 'SHUBHAM', ip: '192.168.111.71', os.name: 'Windows 10', os.arch: 'amd64', os.version: '10.0', java.version: '17.0.1'
Driver info: org.openqa.selenium.chrome.ChromeDriver
Command: [3d7fe2ae90394393d6693d86ae91aadf, findElement {using=xpath, value=(//a[@id='htlrm01'])[4]}]
Capabilities {acceptInsecureCerts: false, browserName: chrome, browserVersion: 107.0.5304.88, chrome: {chromedriverVersion: 106.0.5249.61 (511755355844..., userDataDir: C:\Users\SHUBHA~1.NAT\AppDa...}, goog:chromeOptions: {debuggerAddress: localhost:54784}, javascriptEnabled: true, networkConnectionEnabled: false, pageLoadStrategy: normal, platform: WINDOWS, platformName: WINDOWS, proxy: Proxy(), se:cdp: ws://localhost:54784/devtoo..., se:cdpVersion: 107.0.5304.88, setWindowRect: true, strictFileInteractability: false, timeouts: {implicit: 0, pageLoad: 300000, script: 30000}, unhandledPromptBehavior: dismiss and notify, webauthn:extension:credBlob: true, webauthn:extension:largeBlob: true, webauthn:virtualAuthenticators: true}
Session ID: 3d7fe2ae90394393d6693d86ae91aadf
at org.openqa.selenium.remote.codec.w3c.W3CHttpResponseCodec.createException(W3CHttpResponseCodec.java:200)
at org.openqa.selenium.remote.codec.w3c.W3CHttpResponseCodec.decode(W3CHttpResponseCodec.java:133)
at org.openqa.selenium.remote.codec.w3c.W3CHttpResponseCodec.decode(W3CHttpResponseCodec.java:53)
at org.openqa.selenium.remote.HttpCommandExecutor.execute(HttpCommandExecutor.java:184)
at org.openqa.selenium.remote.service.DriverCommandExecutor.invokeExecute(DriverCommandExecutor.java:167)
at org.openqa.selenium.remote.service.DriverCommandExecutor.execute(DriverCommandExecutor.java:142)
at org.openqa.selenium.remote.RemoteWebDriver.execute(RemoteWebDriver.java:567)
at org.openqa.selenium.remote.ElementLocation$ElementFinder$2.findElement(ElementLocation.java:162)
at org.openqa.selenium.remote.ElementLocation.findElement(ElementLocation.java:60)
at org.openqa.selenium.remote.RemoteWebDriver.findElement(RemoteWebDriver.java:385)
at org.openqa.selenium.remote.RemoteWebDriver.findElement(RemoteWebDriver.java:377)
at utilities.QaRobot.getLocator(QaRobot.java:51)
at utilities.QaRobot.getWebElement(QaRobot.java:83)
at utilities.QaRobot.ClickOnElement(QaRobot.java:105)
at dnata.DnataResultPage.ResultPageForHotel(DnataResultPage.java:710)
at dnata.DnataHotel.dnataforhotel(DnataHotel.java:110)
at java.base/java.util.ArrayList.forEach(ArrayList.java:1511)
... Removed 32 stack frames]]>
    </failure>
  </testcase> <!-- dnataforhotel -->
  <testcase classname="dnata.DnataHotel" name="dnataforhotel" time="233.324"/>
  <testcase classname="dnata.DnataHotel" name="dnataforhotel" time="54.112">
    <failure type="dnata.DnataExceptionClass" message="Invalid date provided 14-Oct-2022">
      <![CDATA[dnata.DnataExceptionClass: Invalid date provided 14-Oct-2022
at dnata.DnataTripType.selectDateInCalendarHotel(DnataTripType.java:886)
at dnata.DnataTripType.hotelTrip(DnataTripType.java:248)
at dnata.DnataHotel.dnataforhotel(DnataHotel.java:108)
at java.base/java.util.ArrayList.forEach(ArrayList.java:1511)
... Removed 27 stack frames]]>
    </failure>
  </testcase> <!-- dnataforhotel -->
  <testcase classname="dnata.DnataHotel" name="dnataforhotel" time="58.755">
    <failure type="dnata.DnataExceptionClass" message="Invalid Check out date provided 17-Oct-2022">
      <![CDATA[dnata.DnataExceptionClass: Invalid Check out date provided 17-Oct-2022
at dnata.DnataTripType.selectDateInCalendarHotel(DnataTripType.java:922)
at dnata.DnataTripType.hotelTrip(DnataTripType.java:248)
at dnata.DnataHotel.dnataforhotel(DnataHotel.java:108)
at java.base/java.util.ArrayList.forEach(ArrayList.java:1511)
... Removed 27 stack frames]]>
    </failure>
  </testcase> <!-- dnataforhotel -->
  <testcase classname="dnata.DnataHotel" name="dnataforhotel" time="54.147">
    <failure type="org.openqa.selenium.NoSuchElementException" message="Cannot locate option with index: 1
For documentation on this error, please visit: https://selenium.dev/exceptions/#no_such_element
Build info: version: &amp;apos;4.1.4&amp;apos;, revision: &amp;apos;535d840ee2&amp;apos;
System info: host: &amp;apos;SHUBHAM&amp;apos;, ip: &amp;apos;192.168.111.71&amp;apos;, os.name: &amp;apos;Windows 10&amp;apos;, os.arch: &amp;apos;amd64&amp;apos;, os.version: &amp;apos;10.0&amp;apos;, java.version: &amp;apos;17.0.1&amp;apos;
Driver info: driver.version: unknown">
      <![CDATA[org.openqa.selenium.NoSuchElementException: Cannot locate option with index: 1
For documentation on this error, please visit: https://selenium.dev/exceptions/#no_such_element
Build info: version: '4.1.4', revision: '535d840ee2'
System info: host: 'SHUBHAM', ip: '192.168.111.71', os.name: 'Windows 10', os.arch: 'amd64', os.version: '10.0', java.version: '17.0.1'
Driver info: driver.version: unknown
at org.openqa.selenium.support.ui.Select.setSelectedByIndex(Select.java:301)
at org.openqa.selenium.support.ui.Select.selectByIndex(Select.java:176)
at dnata.DnataHotel.dnataforhotel(DnataHotel.java:105)
at java.base/java.util.ArrayList.forEach(ArrayList.java:1511)
... Removed 27 stack frames]]>
    </failure>
  </testcase> <!-- dnataforhotel -->
</testsuite> <!-- Test -->
